<?xml version="1.0" encoding="UTF-8"?>
<!-- Generated by org.testng.reporters.JUnitReportReporter -->
<testsuite hostname="DESKTOP-QS8IMHF" name="test.TestClass" tests="1" failures="0" timestamp="27 Jul 2019 11:55:06 GMT" time="50.275" errors="0">
  <testcase name="launch" time="50.275" classname="test.TestClass"/>
</testsuite> <!-- test.TestClass -->
